C:\USERS\ADMIN\DOCUMENTS\GITHUB\CSHARPEXAMPLES\HTTPHEADERREADER\HTTPHEADERREADER\DEBUG\HTTPHEADERREADER.PCH
C:\USERS\ADMIN\DOCUMENTS\GITHUB\CSHARPEXAMPLES\HTTPHEADERREADER\HTTPHEADERREADER\DEBUG\STDAFX.OBJ
C:\USERS\ADMIN\DOCUMENTS\GITHUB\CSHARPEXAMPLES\HTTPHEADERREADER\HTTPHEADERREADER\DEBUG\VC110.PDB
C:\USERS\ADMIN\DOCUMENTS\GITHUB\CSHARPEXAMPLES\HTTPHEADERREADER\HTTPHEADERREADER\DEBUG\HTTPHEADERREADER.OBJ
C:\USERS\ADMIN\DOCUMENTS\GITHUB\CSHARPEXAMPLES\HTTPHEADERREADER\DEBUG\HTTPHEADERREADER.ILK
C:\USERS\ADMIN\DOCUMENTS\GITHUB\CSHARPEXAMPLES\HTTPHEADERREADER\DEBUG\HTTPHEADERREADER.EXE
C:\USERS\ADMIN\DOCUMENTS\GITHUB\CSHARPEXAMPLES\HTTPHEADERREADER\DEBUG\HTTPHEADERREADER.PDB
C:\Users\Admin\Documents\GitHub\csharpexamples\HttpHeaderReader\HttpHeaderReader\Debug\HttpHeaderReader.obj
C:\Users\Admin\Documents\GitHub\csharpexamples\HttpHeaderReader\HttpHeaderReader\Debug\stdafx.obj
C:\Users\Admin\Documents\GitHub\csharpexamples\HttpHeaderReader\HttpHeaderReader\Debug\cl.command.1.tlog
C:\Users\Admin\Documents\GitHub\csharpexamples\HttpHeaderReader\HttpHeaderReader\Debug\CL.read.1.tlog
C:\Users\Admin\Documents\GitHub\csharpexamples\HttpHeaderReader\HttpHeaderReader\Debug\CL.write.1.tlog
C:\Users\Admin\Documents\GitHub\csharpexamples\HttpHeaderReader\HttpHeaderReader\Debug\link-cvtres.read.1.tlog
C:\Users\Admin\Documents\GitHub\csharpexamples\HttpHeaderReader\HttpHeaderReader\Debug\link-cvtres.write.1.tlog
C:\Users\Admin\Documents\GitHub\csharpexamples\HttpHeaderReader\HttpHeaderReader\Debug\link-rc.read.1.tlog
C:\Users\Admin\Documents\GitHub\csharpexamples\HttpHeaderReader\HttpHeaderReader\Debug\link-rc.write.1.tlog
C:\Users\Admin\Documents\GitHub\csharpexamples\HttpHeaderReader\HttpHeaderReader\Debug\link.command.1.tlog
C:\Users\Admin\Documents\GitHub\csharpexamples\HttpHeaderReader\HttpHeaderReader\Debug\link.read.1.tlog
C:\Users\Admin\Documents\GitHub\csharpexamples\HttpHeaderReader\HttpHeaderReader\Debug\link.write.1.tlog
C:\Users\Admin\Documents\GitHub\csharpexamples\HttpHeaderReader\HttpHeaderReader\Debug\HttpHeaderReader.pch
C:\Users\Admin\Documents\GitHub\csharpexamples\HttpHeaderReader\HttpHeaderReader\Debug\vc110.idb
C:\Users\Admin\Documents\GitHub\csharpexamples\HttpHeaderReader\HttpHeaderReader\Debug\vc110.pdb
C:\Users\Admin\Documents\GitHub\csharpexamples\HttpHeaderReader\Debug\HttpHeaderReader.pdb
C:\Users\Admin\Documents\GitHub\csharpexamples\HttpHeaderReader\Debug\HttpHeaderReader.exe
C:\Users\Admin\Documents\GitHub\csharpexamples\HttpHeaderReader\Debug\HttpHeaderReader.ilk
